Homo_sapiens_ERP115651_droplet_based
	annot_based_clst_of_cellTypeName	0.6500056934396843	150.2137291431427
	min_dist_clst_of_cellTypeName	0.6366384660773088	18.607512712478638
	F_1e-2_annot_based_clst_of_cellTypeName	0.6500056934396842
	F_1e-2_annot_cluster_n3	0.6366384660773088
	F_1e-4_annot_based_clst_of_cellTypeName	0.6819730299545088
	F_1e-4_annot_cluster_n3	0.6366384660773088
	T_1e-4_annot_based_clst_of_cellTypeName	0.5910192545144503
	T_1e-4_annot_cluster_n3	0.6366384660773088
	leiden	0.6079559642458384
	leiden_default	0.6088845879632704
	louvain_default	0.5937716249547096
Mus_musculus_SRP201320_droplet_based
	annot_based_clst_of_cellTypeName	0.606382691507192	495.96928668022156
	min_dist_clst_of_cellTypeName	0.5194274674663384	44.62021231651306
	F_1e-2_annot_based_clst_of_cellTypeName	0.6063826915071932
	F_1e-2_annot_cluster_n5	0.5194274674663384
	F_1e-4_annot_based_clst_of_cellTypeName	0.6701395638395209
	F_1e-4_annot_cluster_n5	0.5194274674663384
	T_1e-4_annot_based_clst_of_cellTypeName	0.6149052646739667
	T_1e-4_annot_cluster_n5	0.5194274674663384
	leiden	0.5919582031335964
	leiden_default	0.5974417157581953
	louvain_default	0.5977071449465037
Mus_musculus_SRP303343_droplet_based
	annot_based_clst_of_cellTypeName	0.33099691195334474	195.27171659469604
	min_dist_clst_of_cellTypeName	0.3300981204442848	23.026533842086792
	F_1e-2_annot_based_clst_of_cellTypeName	0.33099691195334685
	F_1e-2_annot_cluster_n99	0.3300981204442848
	F_1e-4_annot_based_clst_of_cellTypeName	0.47175302129328456
	F_1e-4_annot_cluster_n99	0.3300981204442848
	T_1e-4_annot_based_clst_of_cellTypeName	0.31517114227377063
	T_1e-4_annot_cluster_n99	0.3300981204442848
	leiden	0.4981245891408293
	leiden_default	0.49927002096041256
	louvain_default	0.49037419957851636
Sus_scrofa_SRP343046_droplet_based
	annot_based_clst_of_cellTypeName	0.8915023984992612	113.35753226280212
	min_dist_clst_of_cellTypeName	0.8031532806634649	18.572701692581177
	F_1e-2_annot_based_clst_of_cellTypeName	0.8915023984992636
	F_1e-2_annot_cluster_n5	0.8031532806634649
	F_1e-4_annot_based_clst_of_cellTypeName	0.9306708773198638
	F_1e-4_annot_cluster_n5	0.8031532806634649
	T_1e-4_annot_based_clst_of_cellTypeName	0.7908402896897324
	T_1e-4_annot_cluster_n5	0.8031532806634649
	leiden	0.7522989322503691
	leiden_default	0.7654683663785391
	louvain_default	0.7711636479071705
Homo_sapiens_SRP222001_droplet_based
	annot_based_clst_of_cellTypeName	0.8182345252782477	2.8267550468444824
	min_dist_clst_of_cellTypeName	0.6978077545124814	1.303565263748169
	F_1e-2_annot_based_clst_of_cellTypeName	0.8182345252782466
	F_1e-2_annot_cluster_n3	0.6978077545124814
	F_1e-4_annot_based_clst_of_cellTypeName	0.8762536126836069
	F_1e-4_annot_cluster_n3	0.6978077545124814
	T_1e-4_annot_based_clst_of_cellTypeName	0.8220760593488341
	T_1e-4_annot_cluster_n3	0.6978077545124814
	leiden	0.6507312188626485
	leiden_default	0.6574502369405198
	louvain_default	0.6710159011116248
Drosophila_melanogaster_SRP400422_droplet_based
	annot_based_clst_of_cellTypeName	0.6439116890571899	131.95691084861755
	min_dist_clst_of_cellTypeName	0.4782644013256265	13.917237520217896
	F_1e-2_annot_based_clst_of_cellTypeName	0.6439116890571894
	F_1e-2_annot_cluster_n2	0.4782644013256265
	F_1e-4_annot_based_clst_of_cellTypeName	0.688222391981583
	F_1e-4_annot_cluster_n2	0.4782644013256265
	T_1e-4_annot_based_clst_of_cellTypeName	0.6199958295175977
	T_1e-4_annot_cluster_n2	0.4782644013256265
	leiden	0.47878415799681057
	leiden_default	0.4760960658004682
	louvain_default	0.45988705561389204
Heterocephalus_glaber_SRP201320_droplet_based
	annot_based_clst_of_cellTypeName	0.7848723766769425	322.4449419975281
	min_dist_clst_of_cellTypeName	0.7119399265637837	30.81424856185913
	F_1e-2_annot_based_clst_of_cellTypeName	0.7848723766769446
	F_1e-2_annot_cluster_n6	0.7119399265637837
	F_1e-4_annot_based_clst_of_cellTypeName	0.8164429164462441
	F_1e-4_annot_cluster_n6	0.7119399265637837
	T_1e-4_annot_based_clst_of_cellTypeName	0.7296433574829135
	T_1e-4_annot_cluster_n6	0.7119399265637837
	leiden	0.7304050696261043
	leiden_default	0.7317613950077143
	louvain_default	0.7677495707958731
Mus_musculus_SRP303345_droplet_based
	annot_based_clst_of_cellTypeName	0.8553086737489694	64.49509119987488
	min_dist_clst_of_cellTypeName	0.7422038769993414	11.38555359840393
	F_1e-2_annot_based_clst_of_cellTypeName	0.8553086737489708
	F_1e-2_annot_cluster_n15	0.7422038769993414
	F_1e-4_annot_based_clst_of_cellTypeName	0.8963749778110014
	F_1e-4_annot_cluster_n15	0.7422038769993414
	T_1e-4_annot_based_clst_of_cellTypeName	0.8281120501887268
	T_1e-4_annot_cluster_n15	0.7422038769993414
	leiden	0.7803725216841759
	leiden_default	0.7916693693326156
	louvain_default	0.7848187243497615
Gorilla_gorilla_ERP132581_droplet_based
	annot_based_clst_of_cellTypeName	0.656591984707542	5.5910398960113525
	min_dist_clst_of_cellTypeName	0.5773197096244465	2.8005988597869873
	F_1e-2_annot_based_clst_of_cellTypeName	0.6565919847075418
	F_1e-2_annot_cluster_n13	0.5773197096244465
	F_1e-4_annot_based_clst_of_cellTypeName	0.7210136486665467
	F_1e-4_annot_cluster_n13	0.5773197096244465
	T_1e-4_annot_based_clst_of_cellTypeName	0.6838294645336027
	T_1e-4_annot_cluster_n13	0.5773197096244465
	leiden	0.5767953449946563
	leiden_default	0.5752342747817429
	louvain_default	0.5736407218764771
Mus_musculus_ERP132577_droplet_based
	annot_based_clst_of_cellTypeName	0.8621122226678645	3.3455424308776855
	min_dist_clst_of_cellTypeName	0.7313590035825708	1.9881715774536133
	F_1e-2_annot_based_clst_of_cellTypeName	0.862112222667864
	F_1e-2_annot_cluster_n9	0.7313590035825708
	F_1e-4_annot_based_clst_of_cellTypeName	0.8787997254649074
	F_1e-4_annot_cluster_n9	0.7313590035825708
	T_1e-4_annot_based_clst_of_cellTypeName	0.840313809936159
	T_1e-4_annot_cluster_n9	0.7313590035825708
	leiden	0.6603052206724119
	leiden_default	0.6581110060908055
	louvain_default	0.668701429525957
Homo_sapiens_SRP149989_droplet_based
	annot_based_clst_of_cellTypeName	0.8267718510308203	8.557124376296997
	min_dist_clst_of_cellTypeName	0.8027680000275985	3.8787877559661865
	F_1e-2_annot_based_clst_of_cellTypeName	0.8267718510308202
	F_1e-2_annot_cluster_n5	0.8027680000275985
	F_1e-4_annot_based_clst_of_cellTypeName	0.868928420767345
	F_1e-4_annot_cluster_n5	0.8027680000275985
	T_1e-4_annot_based_clst_of_cellTypeName	0.8600152901219907
	T_1e-4_annot_cluster_n5	0.8027680000275985
	leiden	0.7221488619588942
	leiden_default	0.7223258324680814
	louvain_default	0.6944857030696516
Callithrix_jacchus_ERP132588_droplet_based
	annot_based_clst_of_cellTypeName	0.5836491922645337	5.421465873718262
	min_dist_clst_of_cellTypeName	0.5154023406744364	2.7834866046905518
	F_1e-2_annot_based_clst_of_cellTypeName	0.583649192264533
	F_1e-2_annot_cluster_n3	0.5154023406744364
	F_1e-4_annot_based_clst_of_cellTypeName	0.6779800449452742
	F_1e-4_annot_cluster_n3	0.5154023406744364
	T_1e-4_annot_based_clst_of_cellTypeName	0.6152897537536426
	T_1e-4_annot_cluster_n3	0.5154023406744364
	leiden	0.6313389730586619
	leiden_default	0.6281814825910996
	louvain_default	0.6474693580967531
Monodelphis_domestica_ERP132579_droplet_based
	annot_based_clst_of_cellTypeName	0.7571139368997509	8.770759582519531
	min_dist_clst_of_cellTypeName	0.6510695170096426	3.7664806842803955
	F_1e-2_annot_based_clst_of_cellTypeName	0.7571139368997511
	F_1e-2_annot_cluster_n10	0.6510695170096426
	F_1e-4_annot_based_clst_of_cellTypeName	0.7988850015397427
	F_1e-4_annot_cluster_n10	0.6510695170096426
	T_1e-4_annot_based_clst_of_cellTypeName	0.7567941424670929
	T_1e-4_annot_cluster_n10	0.6510695170096426
	leiden	0.6578532716524025
	leiden_default	0.6572124806386528
	louvain_default	0.6644079722628675
Homo_sapiens_ERP120466_droplet_based
	annot_based_clst_of_cellTypeName	0.5773979960212786	72.71233105659485
	min_dist_clst_of_cellTypeName	0.5645295147552044	18.458590507507324
	F_1e-2_annot_based_clst_of_cellTypeName	0.5773979960212805
	F_1e-2_annot_cluster_n100	0.5645295147552044
	F_1e-4_annot_based_clst_of_cellTypeName	0.7013245029844706
	F_1e-4_annot_cluster_n100	0.5645295147552044
	T_1e-4_annot_based_clst_of_cellTypeName	0.6552435060465933
	T_1e-4_annot_cluster_n100	0.5645295147552044
	leiden	0.6902001299720594
	leiden_default	0.6884567147757427
	louvain_default	0.6929441737963553
Drosophila_melanogaster_SRP125768_droplet_based
	annot_based_clst_of_cellTypeName	0.4728688939194671	676.5207860469818
	min_dist_clst_of_cellTypeName	0.3217239388408836	31.81879997253418
	F_1e-2_annot_based_clst_of_cellTypeName	0.4728688939194602
	F_1e-2_annot_cluster_n99	0.3217239388408836
	F_1e-4_annot_based_clst_of_cellTypeName	0.6443076811460812
	F_1e-4_annot_cluster_n99	0.3217239388408836
	T_1e-4_annot_based_clst_of_cellTypeName	0.5190364607931867
	T_1e-4_annot_cluster_n99	0.3217239388408836
	leiden	0.43271331601978297
	leiden_default	0.4464865662726202
	louvain_default	0.451540802048053
Homo_sapiens_SRP337049_droplet_based
	annot_based_clst_of_cellTypeName	0.6012420289637856	119.18026423454285
	min_dist_clst_of_cellTypeName	0.5275037717682016	15.952110290527344
	F_1e-2_annot_based_clst_of_cellTypeName	0.6012420289637872
	F_1e-2_annot_cluster_n4	0.5275037717682016
	F_1e-4_annot_based_clst_of_cellTypeName	0.6644732924322647
	F_1e-4_annot_cluster_n4	0.5275037717682016
	T_1e-4_annot_based_clst_of_cellTypeName	0.6077284484901456
	T_1e-4_annot_cluster_n4	0.5275037717682016
	leiden	0.5540496807805578
	leiden_default	0.5487385104708198
	louvain_default	0.5514896059893533
Macaca_mulatta_ERP132582_droplet_based
	annot_based_clst_of_cellTypeName	0.7920847018365131	4.952047824859619
	min_dist_clst_of_cellTypeName	0.7289102388684311	3.0282070636749268
	F_1e-2_annot_based_clst_of_cellTypeName	0.7920847018365141
	F_1e-2_annot_cluster_n8	0.7289102388684311
	F_1e-4_annot_based_clst_of_cellTypeName	0.8146441090236546
	F_1e-4_annot_cluster_n8	0.7289102388684311
	T_1e-4_annot_based_clst_of_cellTypeName	0.7699621810799195
	T_1e-4_annot_cluster_n8	0.7289102388684311
	leiden	0.7282790106796844
	leiden_default	0.7269678704371418
	louvain_default	0.7517669172701785
Macaca_mulatta_SRP343046_droplet_based
	annot_based_clst_of_cellTypeName	0.8511955661288395	165.40411019325256
	min_dist_clst_of_cellTypeName	0.7250192973047763	17.01469135284424
	F_1e-2_annot_based_clst_of_cellTypeName	0.8511955661288412
	F_1e-2_annot_cluster_n3	0.7250192973047763
	F_1e-4_annot_based_clst_of_cellTypeName	0.8924036179598591
	F_1e-4_annot_cluster_n3	0.7250192973047763
	T_1e-4_annot_based_clst_of_cellTypeName	0.7691149939997692
	T_1e-4_annot_cluster_n3	0.7250192973047763
	leiden	0.6907982585969847
	leiden_default	0.6875091539102101
	louvain_default	0.6903915272327743
Homo_sapiens_SRP135999_droplet_based
	annot_based_clst_of_cellTypeName	0.8438667591145318	4.5527777671813965
	min_dist_clst_of_cellTypeName	0.7554031828566339	2.702451705932617
	F_1e-2_annot_based_clst_of_cellTypeName	0.8438667591145325
	F_1e-2_annot_cluster_n12	0.7554031828566339
	F_1e-4_annot_based_clst_of_cellTypeName	0.8734792531563097
	F_1e-4_annot_cluster_n12	0.7554031828566339
	T_1e-4_annot_based_clst_of_cellTypeName	0.8388984536060249
	T_1e-4_annot_cluster_n12	0.7554031828566339
	leiden	0.7414204501622863
	leiden_default	0.7351854143452687
	louvain_default	0.7330619238217972
Homo_sapiens_SRP269263_droplet_based
	annot_based_clst_of_cellTypeName	0.4937026303777509	28.528032302856445
	min_dist_clst_of_cellTypeName	0.37376255442760165	7.0569539070129395
	F_1e-2_annot_based_clst_of_cellTypeName	0.49370263037775036
	F_1e-2_annot_cluster_n83	0.37376255442760165
	F_1e-4_annot_based_clst_of_cellTypeName	0.6092647520982432
	F_1e-4_annot_cluster_n83	0.37376255442760165
	T_1e-4_annot_based_clst_of_cellTypeName	0.4844909177106799
	T_1e-4_annot_cluster_n83	0.37376255442760165
	leiden	0.514080057527244
	leiden_default	0.5077594247422211
	louvain_default	0.516370160127178
Gallus_gallus_ERP132576_droplet_based
	annot_based_clst_of_cellTypeName	0.8300592856250463	4.649488210678101
	min_dist_clst_of_cellTypeName	0.7733376177098081	2.99829363822937
	F_1e-2_annot_based_clst_of_cellTypeName	0.8300592856250468
	F_1e-2_annot_cluster_n7	0.7733376177098081
	F_1e-4_annot_based_clst_of_cellTypeName	0.8569621963650303
	F_1e-4_annot_cluster_n7	0.7733376177098081
	T_1e-4_annot_based_clst_of_cellTypeName	0.7729823392046657
	T_1e-4_annot_cluster_n7	0.7733376177098081
	leiden	0.6873046964633841
	leiden_default	0.7007422945267991
	louvain_default	0.6942249409729296
Drosophila_melanogaster_SRP269777_droplet_based
	annot_based_clst_of_cellTypeName	0.6080601191067704	8.361218690872192
	min_dist_clst_of_cellTypeName	0.3745350626065348	2.5799551010131836
	F_1e-2_annot_based_clst_of_cellTypeName	0.6080601191067744
	F_1e-2_annot_cluster_n28	0.3745350626065348
	F_1e-4_annot_based_clst_of_cellTypeName	0.6654317202656788
	F_1e-4_annot_cluster_n28	0.3745350626065348
	T_1e-4_annot_based_clst_of_cellTypeName	0.5786555832517275
	T_1e-4_annot_cluster_n28	0.3745350626065348
	leiden	0.42530476450940985
	leiden_default	0.4259860397986132
	louvain_default	0.4251011161335116
Ornithorhynchus_anatinus_ERP132578_droplet_based
	annot_based_clst_of_cellTypeName	0.7865944574116572	6.735837936401367
	min_dist_clst_of_cellTypeName	0.6475761143134563	2.4299018383026123
	F_1e-2_annot_based_clst_of_cellTypeName	0.7865944574116575
	F_1e-2_annot_cluster_n9	0.6475761143134563
	F_1e-4_annot_based_clst_of_cellTypeName	0.8238735476399823
	F_1e-4_annot_cluster_n9	0.6475761143134563
	T_1e-4_annot_based_clst_of_cellTypeName	0.7443508586884073
	T_1e-4_annot_cluster_n9	0.6475761143134563
	leiden	0.6103234706399983
	leiden_default	0.6387342606208922
	louvain_default	0.6483358532587273
Drosophila_melanogaster_SRP184201_droplet_based
	annot_based_clst_of_cellTypeName	0.5304655563947221	9.048067808151245
	min_dist_clst_of_cellTypeName	0.535102534626216	3.2292022705078125
	F_1e-2_annot_based_clst_of_cellTypeName	0.5304655563947227
	F_1e-2_annot_cluster_n40	0.535102534626216
	F_1e-4_annot_based_clst_of_cellTypeName	0.6164044505636197
	F_1e-4_annot_cluster_n40	0.535102534626216
	T_1e-4_annot_based_clst_of_cellTypeName	0.5778828222782648
	T_1e-4_annot_cluster_n40	0.535102534626216
	leiden	0.617574695576062
	leiden_default	0.6210387205575592
	louvain_default	0.6225629311196413
Drosophila_melanogaster_ERP119519_droplet_based
	annot_based_clst_of_cellTypeName	0.8591952190073434	15.734392404556274
	min_dist_clst_of_cellTypeName	0.09137268428237103	2.8874053955078125
	F_1e-2_annot_based_clst_of_cellTypeName	0.8591952190073354
	F_1e-2_annot_cluster_n45	0.09137268428237103
	F_1e-4_annot_based_clst_of_cellTypeName	0.8729917831540195
	F_1e-4_annot_cluster_n45	0.09137268428237103
	T_1e-4_annot_based_clst_of_cellTypeName	0.8456824068664854
	T_1e-4_annot_cluster_n45	0.09137268428237103
	leiden	0.10936859603980312
	leiden_default	0.116506208500798
	louvain_default	0.11205179200691218
Homo_sapiens_ERP132584_droplet_based
	annot_based_clst_of_cellTypeName	0.6811710586945867	11.640570163726807
	min_dist_clst_of_cellTypeName	0.6291403067981105	6.515500068664551
	F_1e-2_annot_based_clst_of_cellTypeName	0.6811710586945854
	F_1e-2_annot_cluster_n21	0.6291403067981105
	F_1e-4_annot_based_clst_of_cellTypeName	0.7592460530137577
	F_1e-4_annot_cluster_n21	0.6291403067981105
	T_1e-4_annot_based_clst_of_cellTypeName	0.7057328189833645
	T_1e-4_annot_cluster_n21	0.6291403067981105
	leiden	0.7160551775932343
	leiden_default	0.7145219218032529
	louvain_default	0.723680123676887
Mus_musculus_SRP167086_droplet_based
	annot_based_clst_of_cellTypeName	0.6329790022608458	85.6346435546875
	min_dist_clst_of_cellTypeName	0.48579914731643087	16.109217882156372
	F_1e-2_annot_based_clst_of_cellTypeName	0.6329790022608445
	F_1e-2_annot_cluster_n35	0.48579914731643087
	F_1e-4_annot_based_clst_of_cellTypeName	0.7143955383488896
	F_1e-4_annot_cluster_n35	0.48579914731643087
	T_1e-4_annot_based_clst_of_cellTypeName	0.6142029030988374
	T_1e-4_annot_cluster_n35	0.48579914731643087
	leiden	0.5668588361397287
	leiden_default	0.5606453305857898
	louvain_default	0.5678240828077805
Pan_troglodytes_ERP132583_droplet_based
	annot_based_clst_of_cellTypeName	0.6846170472508453	11.433242559432983
	min_dist_clst_of_cellTypeName	0.6122526111576504	4.775853872299194
	F_1e-2_annot_based_clst_of_cellTypeName	0.6846170472508454
	F_1e-2_annot_cluster_n10	0.6122526111576504
	F_1e-4_annot_based_clst_of_cellTypeName	0.7134252705353217
	F_1e-4_annot_cluster_n10	0.6122526111576504
	T_1e-4_annot_based_clst_of_cellTypeName	0.6709837422015739
	T_1e-4_annot_cluster_n10	0.6122526111576504
	leiden	0.6402126745269655
	leiden_default	0.6356021242285639
	louvain_default	0.6480129556186189
Homo_sapiens_ERP111594_droplet_based
	annot_based_clst_of_cellTypeName	0.7790676411741975	70.33692479133606
	min_dist_clst_of_cellTypeName	0.4464007267616803	8.464242935180664
	F_1e-2_annot_based_clst_of_cellTypeName	0.7790676411741991
	F_1e-2_annot_cluster_n11	0.4464007267616803
	F_1e-4_annot_based_clst_of_cellTypeName	0.8228420572752192
	F_1e-4_annot_cluster_n11	0.4464007267616803
	T_1e-4_annot_based_clst_of_cellTypeName	0.7752443783211277
	T_1e-4_annot_cluster_n11	0.4464007267616803
	leiden	0.4822503969843723
	leiden_default	0.48299649363063757
	louvain_default	0.4904731614744735
Mus_musculus_SRP131661_droplet_based
	annot_based_clst_of_cellTypeName	0.7837359968723108	193.1541702747345
	min_dist_clst_of_cellTypeName	0.736222769161812	30.155057430267334
	F_1e-2_annot_based_clst_of_cellTypeName	0.7837359968723107
	F_1e-2_annot_cluster_n23	0.736222769161812
	F_1e-4_annot_based_clst_of_cellTypeName	0.8330538457577046
	F_1e-4_annot_cluster_n23	0.736222769161812
	T_1e-4_annot_based_clst_of_cellTypeName	0.7822727545841017
	T_1e-4_annot_cluster_n23	0.736222769161812
	leiden	0.7691832311390975
	leiden_default	0.7742170968098975
	louvain_default	0.770045143585449
Sus_scrofa_ERP127795_droplet_based
	annot_based_clst_of_cellTypeName	0.685659738663968	71.13040685653687
	min_dist_clst_of_cellTypeName	0.5616580678610414	13.400821685791016
	F_1e-2_annot_based_clst_of_cellTypeName	0.685659738663968
	F_1e-2_annot_cluster_n8	0.5616580678610414
	F_1e-4_annot_based_clst_of_cellTypeName	0.7095576063662898
	F_1e-4_annot_cluster_n8	0.5616580678610414
	T_1e-4_annot_based_clst_of_cellTypeName	0.6851245701270415
	T_1e-4_annot_cluster_n8	0.5616580678610414
	leiden	0.5810077148221199
	leiden_default	0.5897672305958505
	louvain_default	0.5811326694312852
Drosophila_melanogaster_SRP200614_droplet_based
	annot_based_clst_of_cellTypeName	0.8465180280871811	3.711019277572632
	min_dist_clst_of_cellTypeName	0.7623726313241296	2.363701820373535
	F_1e-2_annot_based_clst_of_cellTypeName	0.8465180280871817
	F_1e-2_annot_cluster_n12	0.7623726313241296
	F_1e-4_annot_based_clst_of_cellTypeName	0.8880209154779062
	F_1e-4_annot_cluster_n12	0.7623726313241296
	T_1e-4_annot_based_clst_of_cellTypeName	0.8689023012681766
	T_1e-4_annot_cluster_n12	0.7623726313241296
	leiden	0.7566630185455218
	leiden_default	0.7494867982784356
	louvain_default	0.7608544471688555
Homo_sapiens_SRP329970_droplet_based
	annot_based_clst_of_cellTypeName	0.8287304939379084	18.86247754096985
	min_dist_clst_of_cellTypeName	0.6771661157280865	8.014692783355713
	F_1e-2_annot_based_clst_of_cellTypeName	0.8287304939379093
	F_1e-2_annot_cluster_n8	0.6771661157280865
	F_1e-4_annot_based_clst_of_cellTypeName	0.885223078583476
	F_1e-4_annot_cluster_n8	0.6771661157280865
	T_1e-4_annot_based_clst_of_cellTypeName	0.7579286138222237
	T_1e-4_annot_cluster_n8	0.6771661157280865
	leiden	0.7284811859068306
	leiden_default	0.7315800110384963
	louvain_default	0.7372561740849922
Homo_sapiens_SRP135922_droplet_based
	annot_based_clst_of_cellTypeName	0.6110035187055931	451.40545678138733
	min_dist_clst_of_cellTypeName	0.4081697023339585	35.322728872299194
	F_1e-2_annot_based_clst_of_cellTypeName	0.6110035187055941
	F_1e-2_annot_cluster_n93	0.4081697023339585
	F_1e-4_annot_based_clst_of_cellTypeName	0.6833569346147348
	F_1e-4_annot_cluster_n93	0.4081697023339585
	T_1e-4_annot_based_clst_of_cellTypeName	0.5072872348355056
	T_1e-4_annot_cluster_n93	0.4081697023339585
	leiden	0.5573549947174873
	leiden_default	0.5638984338485177
	louvain_default	0.5595594955916194
Homo_sapiens_ERP136992_droplet_based
	annot_based_clst_of_cellTypeName	0.4702746405685736	200.47976064682007
	min_dist_clst_of_cellTypeName	0.5211345854830167	48.52904748916626
	F_1e-2_annot_based_clst_of_cellTypeName	0.47027464056857454
	F_1e-2_annot_cluster_n100	0.5211345854830167
	F_1e-4_annot_based_clst_of_cellTypeName	0.6267912051029342
	F_1e-4_annot_cluster_n100	0.5211345854830167
	T_1e-4_annot_based_clst_of_cellTypeName	0.5748214476804505
	T_1e-4_annot_cluster_n100	0.5211345854830167
	leiden	0.7170004035636186
	leiden_default	0.7162341483253127
	louvain_default	0.7198269220421567
